Reading parm file (../test_lig_mbondi2.prmtop)
title:
default_name                                                                    
	mm_options:  ntpr=50
	mm_options:  nsnb=999999
	mm_options:  cut=999.
	mm_options:  diel=C
	mm_options:  gb=1
	mm_options:  rgbmax=999.
	mm_options:  gbsa=1
	mm_options:  surften=0.0072
	mm_options:  epsext=80.0
	mm_options:  kappa=0
      iter    Total       bad      vdW     elect   nonpolar   genBorn      frms
ff:     0   -263.35    114.89      5.05   -188.21      5.92   -201.00  1.90e+01
Starting TNCG minimisation
 MIN: Iter =    0  NFunc =     1  E =    -263.34649  RMSG = 1.8999842e+01
 MIN: Iter =    1  NFunc =     6  E =    -315.88640  RMSG = 5.2785337e+00
 MIN: Iter =    2  NFunc =    13  E =    -325.85635  RMSG = 2.3244809e+00
 MIN: Iter =    3  NFunc =    30  E =    -330.55036  RMSG = 1.3433910e+00
 MIN: Iter =    4  NFunc =    45  E =    -332.18973  RMSG = 1.0215702e+00
 MIN: Iter =    5  NFunc =    72  E =    -332.68881  RMSG = 2.2499367e+00
 MIN: Iter =    6  NFunc =    77  E =    -333.25971  RMSG = 5.5160461e-01
 MIN: Iter =    7  NFunc =    96  E =    -333.61795  RMSG = 8.4413904e-01
 MIN: Iter =    8  NFunc =   147  E =    -334.31843  RMSG = 8.3825151e-01
 MIN: Iter =    9  NFunc =   164  E =    -334.90742  RMSG = 8.0169069e-01
 MIN: Iter =   10  NFunc =   173  E =    -335.57303  RMSG = 1.2421076e+00
 MIN: Iter =   11  NFunc =   178  E =    -336.18415  RMSG = 9.8910645e-01
 MIN: Iter =   12  NFunc =   183  E =    -336.59315  RMSG = 1.2227882e+00
 MIN: Iter =   13  NFunc =   188  E =    -336.99971  RMSG = 7.9879663e-01
 MIN: Iter =   14  NFunc =   192  E =    -337.18813  RMSG = 3.8453402e-01
----------------------------------------------------------------
 END:          :-)  E =    -337.18813  RMSG =   0.3845340

      iter    Total       bad      vdW     elect   nonpolar   genBorn      frms
ff:     1   -343.23     50.72     -1.27   -188.30      0.00   -204.38  3.87e-01

Energy       =    -3.4322778912e+02
RMS gradient =     3.8695147128e-01
dysev time =       0.01 seconds 


                - Thermochemistry -

Temperature:   298.150
   Pressure:     1.000
       Mass:   588.724
Principal moments of inertia in amu-A**2:
          5142.22    15512.05    18687.41
Rotational symmetry number is  1
Assuming classical behavior for rotation
Rotational temperatures:    0.005     0.002     0.001
found 2 imaginary frequencies
Zero-point vibrational energy:    477.324

             freq.         E               Cv              S
            cm**-1       kcal/mol       cal/mol-K     cal/mol-K
Total:                   163.318        170.136        289.213
translational:             0.888          2.979         44.972
rotational:                0.888          2.979         39.421
vibrational:             504.770        164.178        204.820
ff   energy:            -343.228
     1      -18.791
     2       -6.790
     3       -0.470
     4       -0.000
     5        0.000
     6        0.000
     7        1.594
     8        3.864
     9        6.208        0.592          1.986          8.951
    10       11.230        0.592          1.985          7.774
    11       13.362        0.592          1.985          7.429
    12       17.736        0.592          1.985          6.867
    13       18.298        0.592          1.985          6.805
    14       22.214        0.593          1.984          6.420
    15       26.401        0.593          1.983          6.077
    16       33.631        0.593          1.982          5.598
    17       40.329        0.594          1.980          5.238
    18       41.917        0.594          1.979          5.161
    19       44.555        0.594          1.978          5.041
    20       46.001        0.595          1.978          4.978
    21       48.892        0.595          1.977          4.857
    22       54.161        0.595          1.975          4.655
    23       55.987        0.596          1.974          4.589
    24       61.315        0.596          1.971          4.410
    25       68.073        0.597          1.968          4.204
    26       71.811        0.598          1.966          4.099
    27       79.470        0.599          1.962          3.900
    28       86.508        0.601          1.957          3.734
    29       94.572        0.602          1.952          3.559
    30      100.289        0.604          1.948          3.445
    31      110.235        0.606          1.940          3.261
    32      113.949        0.607          1.937          3.197
    33      120.554        0.609          1.931          3.088
    34      124.400        0.610          1.927          3.027
    35      134.137        0.613          1.918          2.883
    36      146.067        0.616          1.906          2.720
    37      148.833        0.617          1.903          2.684
    38      155.494        0.620          1.895          2.601
    39      167.308        0.624          1.881          2.462
    40      171.732        0.626          1.876          2.413
    41      185.142        0.631          1.859          2.273
    42      198.972        0.637          1.840          2.140
    43      217.667        0.646          1.813          1.976
    44      223.832        0.649          1.803          1.925
    45      228.991        0.651          1.795          1.884
    46      250.399        0.663          1.761          1.725
    47      253.081        0.664          1.756          1.707
    48      261.775        0.669          1.741          1.648
    49      262.781        0.669          1.740          1.641
    50      268.645        0.673          1.729          1.603
    51      270.893        0.674          1.725          1.588
    52      281.157        0.680          1.707          1.524
    53      287.623        0.684          1.695          1.486
    54      312.968        0.701          1.647          1.344
    55      318.545        0.704          1.637          1.315
    56      324.123        0.708          1.626          1.287
    57      332.537        0.714          1.609          1.246
    58      346.016        0.724          1.582          1.182
    59      353.519        0.729          1.566          1.149
    60      360.980        0.735          1.551          1.116
    61      379.536        0.749          1.512          1.039
    62      389.841        0.757          1.490          0.999
    63      392.837        0.760          1.484          0.988
    64      407.661        0.772          1.452          0.933
    65      431.130        0.792          1.401          0.853
    66      441.194        0.801          1.379          0.821
    67      459.764        0.817          1.338          0.765
    68      465.892        0.823          1.324          0.748
    69      467.442        0.824          1.321          0.743
    70      478.257        0.835          1.297          0.713
    71      498.497        0.854          1.252          0.661
    72      500.276        0.855          1.248          0.656
    73      505.210        0.860          1.237          0.644
    74      513.212        0.868          1.219          0.625
    75      523.560        0.878          1.196          0.600
    76      531.855        0.887          1.178          0.582
    77      537.405        0.892          1.166          0.570
    78      555.067        0.910          1.127          0.533
    79      559.480        0.915          1.117          0.524
    80      592.475        0.950          1.046          0.462
    81      595.929        0.954          1.039          0.456
    82      596.589        0.954          1.037          0.454
    83      598.925        0.957          1.032          0.450
    84      604.105        0.962          1.021          0.442
    85      619.324        0.979          0.989          0.417
    86      642.687        1.005          0.941          0.381
    87      653.704        1.018          0.919          0.365
    88      655.487        1.020          0.915          0.363
    89      665.184        1.031          0.896          0.349
    90      668.322        1.034          0.890          0.345
    91      680.337        1.048          0.866          0.329
    92      698.818        1.070          0.830          0.307
    93      702.493        1.074          0.823          0.302
    94      731.650        1.109          0.768          0.270
    95      756.567        1.139          0.724          0.245
    96      761.010        1.145          0.716          0.241
    97      773.220        1.160          0.694          0.230
    98      773.793        1.160          0.693          0.229
    99      787.042        1.177          0.671          0.217
   100      789.251        1.179          0.667          0.216
   101      795.600        1.187          0.657          0.210
   102      807.736        1.202          0.637          0.201
   103      812.178        1.208          0.629          0.197
   104      822.414        1.221          0.613          0.189
   105      836.887        1.239          0.591          0.179
   106      842.609        1.247          0.582          0.175
   107      852.986        1.260          0.566          0.168
   108      857.364        1.265          0.560          0.165
   109      869.654        1.281          0.542          0.157
   110      877.311        1.291          0.530          0.152
   111      882.383        1.298          0.523          0.149
   112      903.084        1.324          0.495          0.137
   113      909.738        1.333          0.486          0.134
   114      919.963        1.347          0.472          0.129
   115      925.027        1.353          0.466          0.126
   116      941.864        1.375          0.444          0.118
   117      950.151        1.386          0.434          0.114
   118      959.176        1.398          0.423          0.110
   119      973.165        1.417          0.406          0.104
   120      986.706        1.435          0.391          0.098
   121     1002.707        1.456          0.373          0.092
   122     1004.121        1.458          0.372          0.092
   123     1010.368        1.467          0.365          0.089
   124     1012.807        1.470          0.362          0.089
   125     1020.538        1.480          0.354          0.086
   126     1025.728        1.487          0.349          0.084
   127     1032.198        1.496          0.342          0.082
   128     1036.249        1.501          0.338          0.080
   129     1048.173        1.518          0.326          0.077
   130     1048.448        1.518          0.326          0.077
   131     1054.678        1.526          0.320          0.075
   132     1061.645        1.536          0.314          0.073
   133     1070.286        1.548          0.305          0.070
   134     1078.820        1.559          0.298          0.068
   135     1082.194        1.564          0.295          0.067
   136     1094.109        1.580          0.284          0.064
   137     1094.566        1.581          0.284          0.063
   138     1098.752        1.587          0.280          0.062
   139     1100.292        1.589          0.279          0.062
   140     1105.217        1.595          0.275          0.061
   141     1127.400        1.626          0.257          0.056
   142     1132.693        1.633          0.252          0.054
   143     1135.376        1.637          0.250          0.054
   144     1141.972        1.646          0.245          0.052
   145     1145.437        1.651          0.243          0.052
   146     1169.418        1.684          0.225          0.047
   147     1252.388        1.799          0.172          0.033
   148     1262.092        1.813          0.167          0.032
   149     1275.426        1.831          0.160          0.030
   150     1291.669        1.854          0.152          0.028
   151     1293.132        1.856          0.151          0.028
   152     1295.301        1.859          0.150          0.028
   153     1302.597        1.869          0.146          0.027
   154     1310.586        1.880          0.142          0.026
   155     1310.628        1.880          0.142          0.026
   156     1315.721        1.888          0.140          0.025
   157     1317.019        1.889          0.139          0.025
   158     1322.282        1.897          0.137          0.025
   159     1326.803        1.903          0.135          0.024
   160     1330.238        1.908          0.133          0.024
   161     1337.761        1.919          0.130          0.023
   162     1384.126        1.984          0.111          0.019
   163     1392.158        1.995          0.108          0.018
   164     1395.662        2.000          0.107          0.018
   165     1399.226        2.005          0.106          0.018
   166     1399.881        2.006          0.105          0.018
   167     1402.514        2.010          0.104          0.018
   168     1402.794        2.010          0.104          0.018
   169     1406.591        2.015          0.103          0.017
   170     1410.610        2.021          0.102          0.017
   171     1411.774        2.023          0.101          0.017
   172     1422.715        2.038          0.097          0.016
   173     1424.782        2.041          0.097          0.016
   174     1427.375        2.045          0.096          0.016
   175     1435.337        2.056          0.093          0.015
   176     1444.976        2.070          0.090          0.015
   177     1448.177        2.074          0.089          0.015
   178     1448.683        2.075          0.089          0.015
   179     1453.594        2.082          0.088          0.014
   180     1456.810        2.086          0.087          0.014
   181     1458.770        2.089          0.086          0.014
   182     1470.669        2.106          0.083          0.013
   183     1473.719        2.110          0.082          0.013
   184     1474.087        2.111          0.082          0.013
   185     1484.190        2.125          0.079          0.013
   186     1489.899        2.133          0.077          0.012
   187     1492.285        2.137          0.077          0.012
   188     1494.203        2.139          0.076          0.012
   189     1496.771        2.143          0.075          0.012
   190     1500.943        2.149          0.074          0.012
   191     1515.012        2.169          0.071          0.011
   192     1516.476        2.171          0.070          0.011
   193     1517.545        2.172          0.070          0.011
   194     1528.404        2.188          0.067          0.010
   195     1542.466        2.208          0.064          0.010
   196     1557.290        2.229          0.061          0.009
   197     1561.460        2.235          0.060          0.009
   198     1569.534        2.246          0.058          0.009
   199     1584.401        2.267          0.055          0.008
   200     1585.907        2.269          0.055          0.008
   201     1630.782        2.333          0.047          0.007
   202     1638.605        2.344          0.046          0.006
   203     1653.683        2.366          0.043          0.006
   204     1669.327        2.388          0.041          0.006
   205     1670.417        2.390          0.041          0.006
   206     1672.160        2.392          0.040          0.006
   207     1674.638        2.396          0.040          0.006
   208     1677.902        2.400          0.039          0.005
   209     1685.204        2.411          0.038          0.005
   210     1692.383        2.421          0.037          0.005
   211     1738.835        2.487          0.032          0.004
   212     1756.474        2.512          0.030          0.004
   213     1760.147        2.517          0.029          0.004
   214     1766.159        2.526          0.029          0.004
   215     1770.385        2.532          0.028          0.004
   216     1774.954        2.539          0.028          0.004
   217     1783.700        2.551          0.027          0.003
   218     1802.987        2.579          0.025          0.003
   219     1803.172        2.579          0.025          0.003
   220     2866.289        4.098          0.000          0.000
   221     2868.416        4.101          0.000          0.000
   222     2869.976        4.103          0.000          0.000
   223     2904.146        4.152          0.000          0.000
   224     2906.032        4.155          0.000          0.000
   225     2908.448        4.158          0.000          0.000
   226     2909.656        4.160          0.000          0.000
   227     2911.812        4.163          0.000          0.000
   228     2914.341        4.167          0.000          0.000
   229     2915.259        4.168          0.000          0.000
   230     2915.273        4.168          0.000          0.000
   231     2918.168        4.172          0.000          0.000
   232     2945.791        4.211          0.000          0.000
   233     2946.167        4.212          0.000          0.000
   234     2946.402        4.212          0.000          0.000
   235     2946.686        4.213          0.000          0.000
   236     2947.396        4.214          0.000          0.000
   237     2977.919        4.257          0.000          0.000
   238     2978.545        4.258          0.000          0.000
   239     2979.008        4.259          0.000          0.000
   240     2979.515        4.260          0.000          0.000
   241     2979.660        4.260          0.000          0.000
   242     2979.904        4.260          0.000          0.000
   243     2980.464        4.261          0.000          0.000
   244     2980.552        4.261          0.000          0.000
   245     2980.658        4.261          0.000          0.000
   246     2982.060        4.263          0.000          0.000
   247     2982.639        4.264          0.000          0.000
   248     2983.942        4.266          0.000          0.000
   249     2984.155        4.266          0.000          0.000
   250     2985.363        4.268          0.000          0.000
   251     2988.251        4.272          0.000          0.000
   252     3223.274        4.608          0.000          0.000
   253     3228.032        4.615          0.000          0.000
   254     3232.597        4.622          0.000          0.000
   255     3237.725        4.629          0.000          0.000
   256     3297.242        4.714          0.000          0.000
   257     3302.467        4.721          0.000          0.000
   258     3302.858        4.722          0.000          0.000
   259     3303.360        4.723          0.000          0.000
   260     3303.655        4.723          0.000          0.000
   261     3304.752        4.725          0.000          0.000
   262     3335.003        4.768          0.000          0.000
   263     3335.373        4.768          0.000          0.000
   264     3340.899        4.776          0.000          0.000
   265     3346.793        4.785          0.000          0.000
   266     3347.491        4.786          0.000          0.000
   267     3700.512        5.290          0.000          0.000
