Reading parm file (1kx5.top)
title:

Loaded 25101 atom coordinates
	mm_options:  cut=21
	mm_options:  hcp=1
	mm_options:  hcp_h1=21
	mm_options:  hcp_h2=90
	mm_options:  hcp_h3=999
	mm_options:  diel=C
	mm_options:  gb=5
	mm_options:  gbsa=1
	mm_options:  rgbmax=21
	mm_options:  wcons=5.0
	mm_options:  kappa=0.125
	mm_options:  nsnb=1
	mm_options:  ntpr=10
constrained all 25101 atoms
constrained 25101 atoms from input array
      iter    Total       bad      vdW     elect   nonpolar   genBorn      frms
ff:     0  -8412.50  83400.34  12194.79  -2847.41    439.05 -101599.27  2.83e+02
ff:    10 -23409.39  81010.78   -155.37  -2971.04    446.26 -101740.01  2.07e+01
ff:    20 -62368.60  47314.57  -4757.41  -3107.64   2102.70 -103920.82  1.12e+01
ff:    30 -79368.03  27446.80  -5855.24  -1954.68   5120.14 -104125.05  6.56e+00
ff:    40 -85766.99  21691.88  -7078.04  -2984.41   7573.24 -104969.66  4.30e+00
ff:    50 -87877.22  20515.74  -7815.00  -3951.83   8628.24 -105254.39  2.29e+00
ff:    60 -88533.07  20193.57  -8176.48  -4102.44   8848.43 -105296.16  1.36e+00
ff:    70 -88770.17  20085.63  -8216.24  -4198.33   8860.38 -105301.62  8.55e-01
ff:    80 -88876.87  20040.54  -8128.59  -4345.81   8849.04 -105292.06  5.74e-01
ff:    90 -88924.72  19973.57  -8123.76  -4364.47   8877.93 -105287.99  4.06e-01
ff:   100 -88949.64  19922.33  -8107.16  -4376.11   8897.61 -105286.31  2.88e-01
ff:   110 -88963.21  19950.04  -8122.39  -4410.92   8900.41 -105280.34  2.41e-01
ff:   120 -88972.15  19969.42  -8134.57  -4437.67   8912.98 -105282.32  1.96e-01
ff:   130 -88978.72  19953.93  -8127.30  -4446.92   8919.52 -105277.95  1.72e-01
ff:   140 -88983.45  19944.93  -8115.56  -4453.82   8915.02 -105274.00  1.42e-01
ff:   150 -88986.46  19944.27  -8117.47  -4456.68   8912.54 -105269.11  1.06e-01
conjgrad return code is  154
	mm_options:  cut=21
	mm_options:  hcp=1
	mm_options:  hcp_h1=21
	mm_options:  hcp_h2=90
	mm_options:  hcp_h3=999
	mm_options:  diel=C
	mm_options:  gb=5
	mm_options:  gbsa=1
	mm_options:  rgbmax=21
	mm_options:  wcons=1.0
	mm_options:  kappa=0.125
	mm_options:  tempi=0.0
	mm_options:  temp0=300.0
	mm_options:  gamma_ln=50
	mm_options:  dt=0.001
	mm_options:  nsnb=1
	mm_options:  ntpr=100
	mm_options:  ntpr_md=100
constrained all 25101 atoms
constrained 25101 atoms from input array
      iter    Total       bad      vdW     elect   nonpolar   genBorn      frms
ff:     0 -97467.23  19939.79  -8115.64  -4457.06    434.38 -105268.69  1.50e+00
md:           1      0.001    1076.98  -97450.18  -96373.21      14.39
ff:   100 -77961.65  38734.38  -7700.90  -5337.15   1776.70 -105434.69  2.15e+01
md:         100      0.100   22296.75  -77961.65  -55664.90     298.00
ff:   200 -77520.55  39047.30  -7804.24  -5564.59   2252.30 -105451.32  2.17e+01
md:         200      0.200   22379.10  -77520.55  -55141.45     299.10
ff:   300 -77424.85  38891.57  -7817.84  -5568.23   2469.27 -105399.61  2.16e+01
md:         300      0.300   22336.11  -77424.85  -55088.73     298.53
ff:   400 -77211.07  39110.57  -7883.08  -5842.34   2672.64 -105268.86  2.18e+01
md:         400      0.400   22291.67  -77211.07  -54919.39     297.93
ff:   500 -77267.66  39189.24  -8009.14  -5951.00   2701.61 -105198.37  2.17e+01
md:         500      0.500   22145.79  -77267.66  -55121.87     295.98
ff:   600 -77294.79  38967.18  -7901.95  -5938.71   2769.91 -105191.21  2.17e+01
md:         600      0.600   22476.95  -77294.79  -54817.83     300.41
ff:   700 -77217.21  39133.11  -7934.06  -6012.54   2779.04 -105182.76  2.19e+01
md:         700      0.700   22483.26  -77217.21  -54733.95     300.50
ff:   800 -77497.97  38733.60  -7925.99  -6000.46   2868.81 -105173.94  2.16e+01
md:         800      0.800   22265.22  -77497.97  -55232.75     297.58
ff:   900 -77442.79  38811.35  -7972.93  -6018.75   2878.90 -105141.36  2.16e+01
md:         900      0.900   22490.00  -77442.79  -54952.79     300.59
ff:  1000 -77238.38  39127.91  -7948.72  -6102.09   2845.79 -105161.27  2.17e+01
md:        1000      1.000   22360.61  -77238.38  -54877.77     298.86
	mm_options:  cut=21
	mm_options:  hcp=1
	mm_options:  hcp_h1=21
	mm_options:  hcp_h2=90
	mm_options:  hcp_h3=999
	mm_options:  diel=C
	mm_options:  gb=5
	mm_options:  gbsa=1
	mm_options:  rgbmax=21
	mm_options:  wcons=0.1
	mm_options:  kappa=0.125
	mm_options:  tempi=300.0
	mm_options:  temp0=300.0
	mm_options:  gamma_ln=50
	mm_options:  dt=0.001
	mm_options:  nsnb=1
	mm_options:  ntpr=100
	mm_options:  ntpr_md=100
constrained all 25101 atoms
constrained 25101 atoms from input array
      iter    Total       bad      vdW     elect   nonpolar   genBorn      frms
ff:     0 -79649.03  39127.91  -7948.72  -6102.09    435.14 -105161.27  2.17e+01
md:           1      1.001   21878.71  -79755.68  -57876.97     292.42
ff:   100 -79289.08  39506.81  -8058.00  -6225.47    622.85 -105135.27  2.15e+01
md:         100      1.100   22528.16  -79289.08  -56760.92     301.10
ff:   200 -78942.68  39583.49  -7900.49  -6360.64    709.03 -104974.07  2.16e+01
md:         200      1.200   22626.73  -78942.68  -56315.95     302.41
ff:   300 -79003.70  39643.98  -7966.91  -6405.12    773.72 -105049.36  2.16e+01
md:         300      1.300   22421.17  -79003.70  -56582.52     299.67
ff:   400 -78897.13  39762.37  -8001.83  -6389.97    820.95 -105088.65  2.17e+01
md:         400      1.400   22383.18  -78897.13  -56513.95     299.16
ff:   500 -78908.94  39691.90  -7908.04  -6460.20    862.98 -105095.57  2.16e+01
md:         500      1.500   22426.98  -78908.94  -56481.96     299.74
ff:   600 -79064.15  39680.62  -8082.17  -6449.52    901.45 -105114.54  2.17e+01
md:         600      1.600   22396.43  -79064.15  -56667.72     299.33
ff:   700 -79203.24  39493.11  -8021.12  -6690.43    932.91 -104917.73  2.15e+01
md:         700      1.700   22366.06  -79203.24  -56837.18     298.93
ff:   800 -79180.97  39450.73  -7928.14  -6796.13    962.79 -104870.23  2.16e+01
md:         800      1.800   22561.45  -79180.97  -56619.53     301.54
ff:   900 -79096.71  39658.60  -8080.39  -6831.27    992.14 -104835.79  2.17e+01
md:         900      1.900   22371.60  -79096.71  -56725.11     299.00
ff:  1000 -79048.11  39689.00  -8033.12  -6883.19   1008.39 -104829.20  2.17e+01
md:        1000      2.000   22458.37  -79048.11  -56589.74     300.16
	mm_options:  cut=21
	mm_options:  hcp=1
	mm_options:  hcp_h1=21
	mm_options:  hcp_h2=90
	mm_options:  hcp_h3=999
	mm_options:  diel=C
	mm_options:  gb=5
	mm_options:  gbsa=1
	mm_options:  rgbmax=21
	mm_options:  wcons=0.01
	mm_options:  kappa=0.125
	mm_options:  tempi=300.0
	mm_options:  temp0=300.0
	mm_options:  gamma_ln=50
	mm_options:  dt=0.001
	mm_options:  nsnb=1
	mm_options:  ntpr=100
	mm_options:  ntpr_md=100
constrained all 25101 atoms
constrained 25101 atoms from input array
      iter    Total       bad      vdW     elect   nonpolar   genBorn      frms
ff:     0 -79616.36  39689.00  -8033.12  -6883.19    440.14 -104829.20  2.17e+01
md:           1      2.001   21836.36  -79633.84  -57797.48     291.85
ff:   100 -79720.49  39491.21  -7981.53  -6865.28    459.38 -104824.26  2.15e+01
md:         100      2.100   22539.26  -79720.49  -57181.23     301.24
ff:   200 -79633.20  39623.28  -7967.68  -6894.74    467.83 -104861.90  2.17e+01
md:         200      2.200   22380.15  -79633.20  -57253.06     299.12
ff:   300 -79489.35  39676.97  -7958.09  -6752.92    475.47 -104930.77  2.17e+01
md:         300      2.300   22569.55  -79489.35  -56919.79     301.65
ff:   400 -79566.54  39712.21  -7991.13  -6918.16    482.64 -104852.10  2.17e+01
md:         400      2.400   22421.32  -79566.54  -57145.22     299.67
ff:   500 -79799.30  39513.44  -7952.09  -6971.57    488.93 -104878.01  2.16e+01
md:         500      2.500   22328.29  -79799.30  -57471.01     298.42
ff:   600 -79544.02  39840.60  -7972.06  -7071.08    493.52 -104834.99  2.17e+01
md:         600      2.600   22300.93  -79544.02  -57243.08     298.06
ff:   700 -79600.57  39753.43  -8024.99  -7047.36    497.84 -104779.49  2.17e+01
md:         700      2.700   22333.52  -79600.57  -57267.04     298.49
ff:   800 -79809.39  39563.98  -8070.53  -6981.89    502.07 -104823.03  2.16e+01
md:         800      2.800   22524.05  -79809.39  -57285.34     301.04
ff:   900 -79805.66  39539.38  -8061.92  -7066.30    505.43 -104722.25  2.16e+01
md:         900      2.900   22473.84  -79805.66  -57331.82     300.37
ff:  1000 -79689.39  39588.23  -8023.16  -7039.86    509.70 -104724.29  2.17e+01
md:        1000      3.000   22340.52  -79689.39  -57348.87     298.59
	mm_options:  cut=21
	mm_options:  hcp=1
	mm_options:  hcp_h1=21
	mm_options:  hcp_h2=90
	mm_options:  hcp_h3=999
	mm_options:  diel=C
	mm_options:  gb=5
	mm_options:  gbsa=1
	mm_options:  rgbmax=21
	mm_options:  wcons=0.0
	mm_options:  kappa=0.125
	mm_options:  tempi=300.0
	mm_options:  temp0=300.0
	mm_options:  gamma_ln=50
	mm_options:  dt=0.001
	mm_options:  nsnb=1
	mm_options:  nscm=100
	mm_options:  ntpr=1000
	mm_options:  ntpr_md=1000
	mm_options:  ntwx=1000
      iter    Total       bad      vdW     elect   nonpolar   genBorn      frms
ff:     0 -79755.22  39588.23  -8023.16  -7039.86    443.87 -104724.29  2.17e+01
md:           1      3.001   22060.09  -79815.82  -57755.74     294.84
ff:  1000 -79772.17  39736.49  -7955.21  -7414.04    446.66 -104586.07  2.14e+01
md:        1000      4.000   22269.57  -79772.17  -57502.60     297.64
ff:  2000 -79927.92  39568.56  -7870.16  -7306.94    447.43 -104766.80  2.16e+01
md:        2000      5.000   22308.60  -79927.92  -57619.32     298.16
ff:  3000 -79921.43  39677.21  -7919.00  -7423.62    450.17 -104706.18  2.17e+01
md:        3000      6.000   22360.38  -79921.43  -57561.05     298.85
ff:  4000 -79798.85  39790.41  -7874.47  -7695.58    450.30 -104469.51  2.19e+01
md:        4000      7.000   22441.70  -79798.85  -57357.15     299.94
ff:  5000 -80029.72  39695.60  -7914.52  -7740.73    448.91 -104518.98  2.15e+01
md:        5000      8.000   22619.59  -80029.72  -57410.12     302.32
ff:  6000 -80030.91  39742.16  -7895.95  -7799.46    448.99 -104526.64  2.18e+01
md:        6000      9.000   22496.29  -80030.91  -57534.62     300.67
ff:  7000 -79951.63  39828.55  -7793.44  -8093.68    451.00 -104344.06  2.18e+01
md:        7000     10.000   22551.20  -79951.63  -57400.43     301.40
ff:  8000 -80173.54  39642.85  -7711.24  -8295.48    450.85 -104260.51  2.17e+01
md:        8000     11.000   22409.46  -80173.54  -57764.07     299.51
ff:  9000 -80259.62  39623.16  -7820.19  -8350.46    451.56 -104163.69  2.16e+01
md:        9000     12.000   22362.97  -80259.62  -57896.64     298.89
ff: 10000 -80233.57  39628.99  -7841.64  -8467.87    451.16 -104004.20  2.18e+01
md:       10000     13.000   22538.78  -80233.57  -57694.80     301.24
ff: 11000 -80211.62  39663.08  -7713.31  -8650.53    452.10 -103962.96  2.16e+01
md:       11000     14.000   22315.28  -80211.62  -57896.34     298.25
ff: 12000 -80091.30  39930.25  -7805.89  -8631.20    454.00 -104038.45  2.18e+01
md:       12000     15.000   22551.47  -80091.30  -57539.83     301.41
ff: 13000 -80167.67  39726.24  -7734.36  -8671.12    453.98 -103942.42  2.18e+01
md:       13000     16.000   22338.13  -80167.67  -57829.54     298.56
ff: 14000 -80457.58  39545.05  -7738.55  -8851.91    455.39 -103867.57  2.16e+01
md:       14000     17.000   22409.75  -80457.58  -58047.83     299.51
ff: 15000 -80348.40  39656.27  -7719.03  -8899.03    456.70 -103843.31  2.16e+01
md:       15000     18.000   22517.21  -80348.40  -57831.19     300.95
ff: 16000 -80120.20  39906.10  -7707.57  -9103.17    455.06 -103670.62  2.18e+01
md:       16000     19.000   22304.56  -80120.20  -57815.64     298.11
ff: 17000 -80492.73  39582.53  -7789.89  -8707.55    454.61 -104032.42  2.17e+01
md:       17000     20.000   22312.35  -80492.73  -58180.38     298.21
ff: 18000 -80371.53  39658.63  -7731.41  -8581.16    453.94 -104171.52  2.17e+01
md:       18000     21.000   22448.20  -80371.53  -57923.33     300.03
ff: 19000 -80520.71  39428.36  -7816.43  -8524.85    451.38 -104059.17  2.16e+01
md:       19000     22.000   22464.46  -80520.71  -58056.25     300.24
ff: 20000 -80542.90  39591.14  -7880.83  -8768.60    452.24 -103936.85  2.18e+01
md:       20000     23.000   22575.19  -80542.90  -57967.71     301.72
ff: 21000 -80526.28  39616.21  -7795.52  -8942.10    449.56 -103854.43  2.16e+01
md:       21000     24.000   22341.29  -80526.28  -58184.99     298.60
ff: 22000 -80412.35  39812.16  -7798.41  -8688.15    451.19 -104189.15  2.17e+01
md:       22000     25.000   22556.53  -80412.35  -57855.82     301.47
ff: 23000 -80459.91  39727.53  -7793.99  -8790.97    451.45 -104053.93  2.17e+01
md:       23000     26.000   22605.90  -80459.91  -57854.01     302.13
